[2026.04.16 17:30:33] [INFO] - Found 2339 audio file(s). Device: cuda
[2026.04.16 17:30:33] [INFO] - Step 1/2: Running VTC on 2339/2339 file(s) (0 already have RTTM)...
[2026.04.16 17:30:33] [INFO] - Running inference on audio files.
[2026.04.16 17:30:35] [INFO] - (   1/2339) - running inference for file: 'cameron_AAE_B3_26_47_PE_S22__ef712e4ffa273009a64b849791a98189'
[2026.04.16 17:30:44] [INFO] - (   2/2339) - running inference for file: 'cameron_AAE_B3_31_47_PE_S22__15b576cf2c2efc5854a50c9142519554'
[2026.04.16 17:30:52] [INFO] - (   3/2339) - running inference for file: 'cameron_AAE_B3_32_47_PE_S22__8a9944d890daeb4e919e9940f7320527'
[2026.04.16 17:30:59] [INFO] - (   4/2339) - running inference for file: 'cameron_AAE_B5_35_58_PE_O22__6d422f2b17dbf8730bb6ee943d86e8b8'
[2026.04.16 17:31:13] [INFO] - (   5/2339) - running inference for file: 'cameron_AAE_B5_37_59_PE_O22__41c06bbf0c0f5f8d711499f35fe3180b'
[2026.04.16 17:31:25] [INFO] - (   6/2339) - running inference for file: 'cameron_AAE_B7_49_48_PE_N22__a42afcff631bc7d760f5c939d2309e57'
[2026.04.16 17:31:32] [INFO] - (   7/2339) - running inference for file: 'cameron_AAE_B7_51_54_PE_N22__d5433f00a4ab7b048015a3341021b404'
[2026.04.16 17:31:42] [INFO] - (   8/2339) - running inference for file: 'cameron_AAE_B7_53_53_PE_N22__b612f159ec5035b3a1393daa9d036e6a'
[2026.04.16 17:31:49] [INFO] - (   9/2339) - running inference for file: 'cameron_AAE_B7_56_49_PE_N22__3314bf1f2ca0f8cf316096b352965bbb'
[2026.04.16 17:32:01] [INFO] - (  10/2339) - running inference for file: 'cameron_AAE_B7_57_49_PE_N22__78bf279b32c97e2ca4a155b2269128c2'
[2026.04.16 17:32:09] [INFO] - (  11/2339) - running inference for file: 'cameron_AAE_B7_58_51_PE_N22__41ac7c67a22b8b7154e7c20bdd4e4a38'
[2026.04.16 17:32:18] [INFO] - (  12/2339) - running inference for file: 'cameron_AAE_B7_63_57_PE_N22__54b8b43e61837125657e5238d968ea33'
[2026.04.16 17:32:26] [INFO] - (  13/2339) - running inference for file: 'cameron_AAE_B7_66_56_PE_N22__abc95dcba180af90a30d24d22d91fe9d'
[2026.04.16 17:32:31] [INFO] - (  14/2339) - running inference for file: 'cameron_AAE_B7_67_51_PE_N22__3a97abb9cddaaa7dd162f6e064e17260'
[2026.04.16 17:32:38] [INFO] - (  15/2339) - running inference for file: 'cameron_AAE_B7_68_54_PE_N22__9d07f2292e4a8a02df50aa9f0db0909b'
[2026.04.16 17:32:45] [INFO] - (  16/2339) - running inference for file: 'cameron_SAE_B1_14_54_PE_O22__db22385f522f1fff5d141f31b64827ce'
[2026.04.16 17:32:53] [INFO] - (  17/2339) - running inference for file: 'cameron_SAE_B1_17_55_PE_O22__6b3921b48e22dfe24f34a2179484c2b1'
[2026.04.16 17:33:02] [INFO] - (  18/2339) - running inference for file: 'cameron_SAE_B1_29_51_PE_O22__d42432aa42b3dc02ce6e410ef98882d6'
[2026.04.16 17:33:12] [INFO] - (  19/2339) - running inference for file: 'cameron_SAE_B1_36_54_PE_O22__2fb17469c61087630a1950633bddc355'
[2026.04.16 17:33:19] [INFO] - (  20/2339) - running inference for file: 'cameron_SAE_B2_10_55_PE_A22__135f66cd20ee70b4f5266e0d52eacdfd'
[2026.04.16 17:33:28] [INFO] - (  21/2339) - running inference for file: 'cameron_SAE_B2_19_49_PE_S22__18091cf1c56ea13f7b0d452c26f62c1e'
[2026.04.16 17:33:38] [INFO] - (  22/2339) - running inference for file: 'cameron_SAE_B3_21_49_PE_A22__6293c628fbaad10212dffb2e0ad30461'
[2026.04.16 17:33:45] [INFO] - (  23/2339) - running inference for file: 'cameron_SAE_B3_22_66_PE_A22__6b9825c560eb306a7f6eb351fdb71e12'
[2026.04.16 17:33:57] [INFO] - (  24/2339) - running inference for file: 'cameron_SAE_B6_34_51_PE_O22__875b25b67a5df5a323487f2f3d36f93d'
[2026.04.16 17:34:04] [INFO] - (  25/2339) - running inference for file: 'cameron_SAE_B6_43_56_PE_O22__c090d986a9b1cdb0431bc2142707198e'
[2026.04.16 17:34:10] [INFO] - (  26/2339) - running inference for file: 'cameron_SAE_B6_44_59_PE_O22__bb07cc109aedc394105dc38640974696'
[2026.04.16 17:34:17] [INFO] - (  27/2339) - running inference for file: 'cameron_SAE_B6_47_57_PE_O22__f89e3aebbed1c3377c727c0d272aac4c'
[2026.04.16 17:34:22] [INFO] - (  28/2339) - running inference for file: 'cameron_SAE_B7_61_54_PE_N22__3df39696f6b125a15f399fdf89121f25'
[2026.04.16 17:34:29] [INFO] - (  29/2339) - running inference for file: 'cameron_SAE_B7_65_58_PE_N22__41ec9b3cc957812cd208579bee290a6b'
[2026.04.16 17:34:37] [INFO] - (  30/2339) - running inference for file: 'ew_42ec_11006__61e9b013fb127db0dcf9bddea2c3bdce'
Traceback (most recent call last):
  File "/orcd/scratch/orcd/008/manaal/child-adult-diarization/BabAR/src/pipeline.py", line 314, in <module>
    main()
    ~~~~^^
  File "/orcd/scratch/orcd/008/manaal/child-adult-diarization/BabAR/src/pipeline.py", line 299, in main
    run_pipeline(
    ~~~~~~~~~~~~^
        wavs=args.wavs,
        ^^^^^^^^^^^^^^^
    ...<8 lines>...
        max_utt_dur=args.max_utt_dur,
        ^^^^^^^^^^^^^^^^^^^^^^^^^^^^^
    )
    ^
  File "/orcd/scratch/orcd/008/manaal/child-adult-diarization/BabAR/src/pipeline.py", line 133, in run_pipeline
    vtc_infer(
    ~~~~~~~~~^
        wavs=str(wavs),
        ^^^^^^^^^^^^^^^
    ...<4 lines>...
        device=device,
        ^^^^^^^^^^^^^^
    )
    ^
  File "/orcd/scratch/orcd/008/manaal/child-adult-diarization/BabAR/VTC/scripts/infer.py", line 207, in main
    processed_files = run_inference_on_audios(
        config=config,
    ...<9 lines>...
        logger=logger,
    )
  File "/orcd/scratch/orcd/008/manaal/child-adult-diarization/BabAR/.venv/lib/python3.13/site-packages/segma/inference.py", line 462, in run_inference_on_audios
    infer_file(
    ~~~~~~~~~~^
        audio_path=audio_path,
        ^^^^^^^^^^^^^^^^^^^^^^
    ...<6 lines>...
        save_logits=save_logits,
        ^^^^^^^^^^^^^^^^^^^^^^^^
    )
    ^
  File "/orcd/scratch/orcd/008/manaal/child-adult-diarization/BabAR/.venv/lib/python3.13/site-packages/segma/inference.py", line 335, in infer_file
    logits_t = apply_model_on_audio(
        audio_path=audio_path,
    ...<4 lines>...
        device=device,
    )
  File "/orcd/scratch/orcd/008/manaal/child-adult-diarization/BabAR/.venv/lib/python3.13/site-packages/segma/inference.py", line 155, in apply_model_on_audio
    batch_t = sub_audio_t.unfold(
        0,
        size=chunk_duration_f,
        step=chunk_duration_f - chunkyfier.missing_n_frames,
    )
RuntimeError: maximum size for tensor at dimension 0 is 2 but size is 64000
Traceback (most recent call last):
  File "/orcd/scratch/orcd/008/manaal/child-adult-diarization/pyannote/unified_rttm.py", line 834, in <module>
    main()
  File "/orcd/scratch/orcd/008/manaal/child-adult-diarization/pyannote/unified_rttm.py", line 755, in main
    frontend.prepare([ap for ap, _ in pairs])
  File "/orcd/scratch/orcd/008/manaal/child-adult-diarization/pyannote/unified_rttm.py", line 604, in prepare
    subprocess.run(cmd, cwd=self.cfg.babar_dir, check=True)
  File "/home/manaal/miniforge3/envs/child-vocalizations/lib/python3.10/subprocess.py", line 526, in run
    raise CalledProcessError(retcode, process.args,
subprocess.CalledProcessError: Command '['uv', 'run', 'src/pipeline.py', '--wavs', '/home/manaal/orcd/scratch/child-adult-diarization/babar/babar_output/_input_staging', '--output', '/home/manaal/orcd/scratch/child-adult-diarization/babar/babar_output', '--device', 'gpu', '--batch_size', '1']' returned non-zero exit status 1.
