/home/manaal/miniforge3/envs/child-vocalizations/lib/python3.10/site-packages/torchaudio/_backend/utils.py:213: UserWarning: In 2.9, this function's implementation will be changed to use torchaudio.load_with_torchcodec` under the hood. Some parameters like ``normalize``, ``format``, ``buffer_size``, and ``backend`` will be ignored. We recommend that you port your code to rely directly on TorchCodec's decoder instead: https://docs.pytorch.org/torchcodec/stable/generated/torchcodec.decoders.AudioDecoder.html#torchcodec.decoders.AudioDecoder.
  warnings.warn(
/home/manaal/miniforge3/envs/child-vocalizations/lib/python3.10/site-packages/torchaudio/_backend/ffmpeg.py:88: UserWarning: torio.io._streaming_media_decoder.StreamingMediaDecoder has been deprecated. This deprecation is part of a large refactoring effort to transition TorchAudio into a maintenance phase. The decoding and encoding capabilities of PyTorch for both audio and video are being consolidated into TorchCodec. Please see https://github.com/pytorch/audio/issues/3902 for more information. It will be removed from the 2.9 release. 
  s = torchaudio.io.StreamReader(src, format, None, buffer_size)
/home/manaal/miniforge3/envs/child-vocalizations/lib/python3.10/site-packages/torchaudio/_backend/utils.py:337: UserWarning: In 2.9, this function's implementation will be changed to use torchaudio.save_with_torchcodec` under the hood. Some parameters like format, encoding, bits_per_sample, buffer_size, and ``backend`` will be ignored. We recommend that you port your code to rely directly on TorchCodec's encoder instead: https://docs.pytorch.org/torchcodec/stable/generated/torchcodec.encoders.AudioEncoder
  warnings.warn(
/home/manaal/miniforge3/envs/child-vocalizations/lib/python3.10/site-packages/torchaudio/_backend/ffmpeg.py:247: UserWarning: torio.io._streaming_media_encoder.StreamingMediaEncoder has been deprecated. This deprecation is part of a large refactoring effort to transition TorchAudio into a maintenance phase. The decoding and encoding capabilities of PyTorch for both audio and video are being consolidated into TorchCodec. Please see https://github.com/pytorch/audio/issues/3902 for more information. It will be removed from the 2.9 release. 
  s = torchaudio.io.StreamWriter(uri, format=muxer, buffer_size=buffer_size)
Traceback (most recent call last):
  File "/orcd/scratch/orcd/008/manaal/child-adult-diarization/VBx/.venv/lib/python3.10/site-packages/huggingface_hub/utils/_http.py", line 761, in hf_raise_for_status
    response.raise_for_status()
  File "/orcd/scratch/orcd/008/manaal/child-adult-diarization/VBx/.venv/lib/python3.10/site-packages/httpx/_models.py", line 829, in raise_for_status
    raise HTTPStatusError(message, request=request, response=self)
httpx.HTTPStatusError: Client error '403 Forbidden' for url 'https://huggingface.co/pyannote/embedding/resolve/main/pytorch_model.bin'
For more information check: https://developer.mozilla.org/en-US/docs/Web/HTTP/Status/403

The above exception was the direct cause of the following exception:

Traceback (most recent call last):
  File "/home/manaal/orcd/scratch/child-adult-diarization/VBx/run_vbx.py", line 372, in <module>
    main()
  File "/home/manaal/orcd/scratch/child-adult-diarization/VBx/run_vbx.py", line 351, in main
    embedding_inference = load_embedding_model(hf_token, args.win_duration, args.win_step)
  File "/home/manaal/orcd/scratch/child-adult-diarization/VBx/run_vbx.py", line 69, in load_embedding_model
    model = Model.from_pretrained("pyannote/embedding", token=hf_token)
  File "/orcd/scratch/orcd/008/manaal/child-adult-diarization/VBx/.venv/lib/python3.10/site-packages/pyannote/audio/core/model.py", line 577, in from_pretrained
    path_to_model_checkpoint = download_from_hf_hub(
  File "/orcd/scratch/orcd/008/manaal/child-adult-diarization/VBx/.venv/lib/python3.10/site-packages/pyannote/audio/utils/hf_hub.py", line 80, in download_from_hf_hub
    return hf_hub_download(
  File "/orcd/scratch/orcd/008/manaal/child-adult-diarization/VBx/.venv/lib/python3.10/site-packages/huggingface_hub/utils/_validators.py", line 88, in _inner_fn
    return fn(*args, **kwargs)
  File "/orcd/scratch/orcd/008/manaal/child-adult-diarization/VBx/.venv/lib/python3.10/site-packages/huggingface_hub/file_download.py", line 997, in hf_hub_download
    return _hf_hub_download_to_cache_dir(
  File "/orcd/scratch/orcd/008/manaal/child-adult-diarization/VBx/.venv/lib/python3.10/site-packages/huggingface_hub/file_download.py", line 1148, in _hf_hub_download_to_cache_dir
    _raise_on_head_call_error(head_call_error, force_download, local_files_only)
  File "/orcd/scratch/orcd/008/manaal/child-adult-diarization/VBx/.venv/lib/python3.10/site-packages/huggingface_hub/file_download.py", line 1782, in _raise_on_head_call_error
    raise head_call_error
  File "/orcd/scratch/orcd/008/manaal/child-adult-diarization/VBx/.venv/lib/python3.10/site-packages/huggingface_hub/file_download.py", line 1669, in _get_metadata_or_catch_error
    metadata = get_hf_file_metadata(
  File "/orcd/scratch/orcd/008/manaal/child-adult-diarization/VBx/.venv/lib/python3.10/site-packages/huggingface_hub/utils/_validators.py", line 88, in _inner_fn
    return fn(*args, **kwargs)
  File "/orcd/scratch/orcd/008/manaal/child-adult-diarization/VBx/.venv/lib/python3.10/site-packages/huggingface_hub/file_download.py", line 1591, in get_hf_file_metadata
    response = _httpx_follow_relative_redirects_with_backoff(
  File "/orcd/scratch/orcd/008/manaal/child-adult-diarization/VBx/.venv/lib/python3.10/site-packages/huggingface_hub/utils/_http.py", line 692, in _httpx_follow_relative_redirects_with_backoff
    hf_raise_for_status(response)
  File "/orcd/scratch/orcd/008/manaal/child-adult-diarization/VBx/.venv/lib/python3.10/site-packages/huggingface_hub/utils/_http.py", line 787, in hf_raise_for_status
    raise _format(GatedRepoError, message, response, repo_type=repo_type, repo_id=repo_id) from e
huggingface_hub.errors.GatedRepoError: 403 Client Error. (Request ID: Root=1-69e658ec-184eecfb087ad62d49b20926;8cca20c1-16e4-4343-a15c-d89d425c9101)

Cannot access gated repo for url https://huggingface.co/pyannote/embedding/resolve/main/pytorch_model.bin.
Access to model pyannote/embedding is restricted and you are not in the authorized list. Visit https://huggingface.co/pyannote/embedding to ask for access.
Traceback (most recent call last):
  File "/orcd/scratch/orcd/008/manaal/child-adult-diarization/pyannote/unified_rttm.py", line 1098, in <module>
    main()
  File "/orcd/scratch/orcd/008/manaal/child-adult-diarization/pyannote/unified_rttm.py", line 1018, in main
    frontend.prepare([ap for ap, _ in pairs])
  File "/orcd/scratch/orcd/008/manaal/child-adult-diarization/pyannote/unified_rttm.py", line 832, in prepare
    subprocess.run(cmd, cwd=self.cfg.vbx_dir, check=True)
  File "/home/manaal/miniforge3/envs/child-vocalizations/lib/python3.10/subprocess.py", line 526, in run
    raise CalledProcessError(retcode, process.args,
subprocess.CalledProcessError: Command '['uv', 'run', 'python', '/home/manaal/orcd/scratch/child-adult-diarization/VBx/run_vbx.py', '--output', '/tmp/tmpnhebeqkl/output', '--hf-token', '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', '--max-speakers', '8', '--niters', '10', '--Fa', '0.1', '--Fb', '17.0', '--loopP', '0.99', '--win-duration', '1.5', '--win-step', '0.25', '--audio-dir', '/tmp/tmpnhebeqkl/wavs']' returned non-zero exit status 1.
