Train rows: 1469 | children: 97
Val rows:   412 | children: 21
Test rows:  496 | children: 21
Epoch 01 | train_loss=0.4813 | val_loss=0.4133 | f1=0.8865 | prec=0.8493 | rec=0.9272 | auroc=0.8304 | auprc=0.9328
Saved best model to whisper_small_best_model.pt
Epoch 02 | train_loss=0.4111 | val_loss=0.4076 | f1=0.8903 | prec=0.8701 | rec=0.9114 | auroc=0.8395 | auprc=0.9380
Saved best model to whisper_small_best_model.pt
Epoch 03 | train_loss=0.3964 | val_loss=0.4140 | f1=0.8756 | prec=0.8944 | rec=0.8576 | auroc=0.8502 | auprc=0.9415
Epoch 04 | train_loss=0.3677 | val_loss=0.3999 | f1=0.8864 | prec=0.8836 | rec=0.8892 | auroc=0.8522 | auprc=0.9419
Epoch 05 | train_loss=0.3819 | val_loss=0.4089 | f1=0.8943 | prec=0.8555 | rec=0.9367 | auroc=0.8574 | auprc=0.9432
Saved best model to whisper_small_best_model.pt
Epoch 06 | train_loss=0.3446 | val_loss=0.4048 | f1=0.8959 | prec=0.8559 | rec=0.9399 | auroc=0.8637 | auprc=0.9449
Saved best model to whisper_small_best_model.pt
Epoch 07 | train_loss=0.3313 | val_loss=0.4253 | f1=0.8864 | prec=0.8836 | rec=0.8892 | auroc=0.8566 | auprc=0.9416
Epoch 08 | train_loss=0.3263 | val_loss=0.5003 | f1=0.8938 | prec=0.8370 | rec=0.9589 | auroc=0.8582 | auprc=0.9409
Epoch 09 | train_loss=0.3495 | val_loss=0.4699 | f1=0.8966 | prec=0.8519 | rec=0.9462 | auroc=0.8615 | auprc=0.9430
Saved best model to whisper_small_best_model.pt
Epoch 10 | train_loss=0.3181 | val_loss=0.4298 | f1=0.8941 | prec=0.8804 | rec=0.9082 | auroc=0.8597 | auprc=0.9434

Final evaluation on test split:
{'f1': 0.8777923784494086, 'precision': 0.8630490956072352, 'recall': 0.893048128342246, 'auroc': 0.8590558429034801, 'auprc': 0.9509835060520195, 'loss': 0.43701441877431446}
