Train rows: 1469 | children: 97
Val rows:   412 | children: 21
Test rows:  496 | children: 21
Epoch 01 | train_loss=0.4740 | val_loss=0.4254 | f1=0.8706 | prec=0.8907 | rec=0.8513 | auroc=0.8319 | auprc=0.9343
Saved best model to whisper_small_best_model.pt
Epoch 02 | train_loss=0.4124 | val_loss=0.4317 | f1=0.8581 | prec=0.9081 | rec=0.8133 | auroc=0.8503 | auprc=0.9420
Epoch 03 | train_loss=0.3977 | val_loss=0.4291 | f1=0.8808 | prec=0.8415 | rec=0.9241 | auroc=0.8438 | auprc=0.9387
Saved best model to whisper_small_best_model.pt
Epoch 04 | train_loss=0.3915 | val_loss=0.4168 | f1=0.8906 | prec=0.8462 | rec=0.9399 | auroc=0.8539 | auprc=0.9423
Saved best model to whisper_small_best_model.pt
Epoch 05 | train_loss=0.3640 | val_loss=0.4048 | f1=0.8858 | prec=0.8762 | rec=0.8956 | auroc=0.8589 | auprc=0.9434
Epoch 06 | train_loss=0.3656 | val_loss=0.4265 | f1=0.8828 | prec=0.8958 | rec=0.8703 | auroc=0.8554 | auprc=0.9422
Epoch 07 | train_loss=0.3530 | val_loss=0.4496 | f1=0.8836 | prec=0.8907 | rec=0.8766 | auroc=0.8519 | auprc=0.9418
Epoch 08 | train_loss=0.3432 | val_loss=0.4222 | f1=0.8811 | prec=0.8825 | rec=0.8797 | auroc=0.8520 | auprc=0.9414
Epoch 09 | train_loss=0.3352 | val_loss=0.4316 | f1=0.8938 | prec=0.8827 | rec=0.9051 | auroc=0.8579 | auprc=0.9417
Saved best model to whisper_small_best_model.pt
Epoch 10 | train_loss=0.3264 | val_loss=0.4433 | f1=0.8968 | prec=0.8398 | rec=0.9620 | auroc=0.8563 | auprc=0.9405
Saved best model to whisper_small_best_model.pt

Final evaluation on test split:
{'f1': 0.8689138576779025, 'precision': 0.8149882903981265, 'recall': 0.93048128342246, 'auroc': 0.8489523976505654, 'auprc': 0.9472714979507887, 'loss': 0.48414107736185075}
