Train rows: 1469 | children: 97
Val rows:   412 | children: 21
Test rows:  496 | children: 21
Epoch 01 | train_loss=0.4798 | val_loss=0.4088 | f1=0.8882 | prec=0.8204 | rec=0.9684 | auroc=0.8369 | auprc=0.9367
Saved best model to whisper_small_best_model.pt
Epoch 02 | train_loss=0.4070 | val_loss=0.4155 | f1=0.8780 | prec=0.8794 | rec=0.8766 | auroc=0.8378 | auprc=0.9386
Epoch 03 | train_loss=0.3830 | val_loss=0.4270 | f1=0.8795 | prec=0.8391 | rec=0.9241 | auroc=0.8347 | auprc=0.9370
Epoch 04 | train_loss=0.3726 | val_loss=0.4068 | f1=0.8889 | prec=0.8793 | rec=0.8987 | auroc=0.8554 | auprc=0.9438
Saved best model to whisper_small_best_model.pt
Epoch 05 | train_loss=0.3813 | val_loss=0.4136 | f1=0.8906 | prec=0.8567 | rec=0.9272 | auroc=0.8554 | auprc=0.9427
Saved best model to whisper_small_best_model.pt
Epoch 06 | train_loss=0.3529 | val_loss=0.4227 | f1=0.8935 | prec=0.8389 | rec=0.9557 | auroc=0.8537 | auprc=0.9422
Saved best model to whisper_small_best_model.pt
Epoch 07 | train_loss=0.3504 | val_loss=0.4049 | f1=0.8934 | prec=0.8731 | rec=0.9146 | auroc=0.8585 | auprc=0.9429
Epoch 08 | train_loss=0.3302 | val_loss=0.4742 | f1=0.8605 | prec=0.9176 | rec=0.8101 | auroc=0.8576 | auprc=0.9428
Epoch 09 | train_loss=0.3336 | val_loss=0.4863 | f1=0.8925 | prec=0.8347 | rec=0.9589 | auroc=0.8543 | auprc=0.9414
Epoch 10 | train_loss=0.3431 | val_loss=0.4202 | f1=0.8981 | prec=0.9038 | rec=0.8924 | auroc=0.8640 | auprc=0.9450
Saved best model to whisper_small_best_model.pt

Final evaluation on test split:
{'f1': 0.8680272108843539, 'precision': 0.8836565096952909, 'recall': 0.8529411764705882, 'auroc': 0.8586832646620496, 'auprc': 0.9514430826998259, 'loss': 0.4398197846847676}
