Train rows: 1469 | children: 97
Val rows:   412 | children: 21
Test rows:  496 | children: 21
Epoch 01 | train_loss=0.4862 | val_loss=0.4077 | f1=0.8861 | prec=0.8861 | rec=0.8861 | auroc=0.8387 | auprc=0.9384
Saved best model to whisper_small_best_model.pt
Epoch 02 | train_loss=0.4106 | val_loss=0.4043 | f1=0.8813 | prec=0.9064 | rec=0.8576 | auroc=0.8542 | auprc=0.9440
Epoch 03 | train_loss=0.3897 | val_loss=0.4130 | f1=0.8786 | prec=0.8871 | rec=0.8703 | auroc=0.8533 | auprc=0.9438
Epoch 04 | train_loss=0.3830 | val_loss=0.3961 | f1=0.8906 | prec=0.8679 | rec=0.9146 | auroc=0.8581 | auprc=0.9452
Saved best model to whisper_small_best_model.pt
Epoch 05 | train_loss=0.3557 | val_loss=0.4103 | f1=0.8937 | prec=0.8709 | rec=0.9177 | auroc=0.8528 | auprc=0.9435
Saved best model to whisper_small_best_model.pt
Epoch 06 | train_loss=0.3594 | val_loss=0.4165 | f1=0.8950 | prec=0.8622 | rec=0.9304 | auroc=0.8595 | auprc=0.9453
Saved best model to whisper_small_best_model.pt
Epoch 07 | train_loss=0.3489 | val_loss=0.4219 | f1=0.8919 | prec=0.8592 | rec=0.9272 | auroc=0.8567 | auprc=0.9439
Epoch 08 | train_loss=0.3328 | val_loss=0.4439 | f1=0.8952 | prec=0.8494 | rec=0.9462 | auroc=0.8606 | auprc=0.9450
Saved best model to whisper_small_best_model.pt
Epoch 09 | train_loss=0.3383 | val_loss=0.4374 | f1=0.8722 | prec=0.8806 | rec=0.8639 | auroc=0.8488 | auprc=0.9411
Epoch 10 | train_loss=0.3297 | val_loss=0.4280 | f1=0.8896 | prec=0.8631 | rec=0.9177 | auroc=0.8568 | auprc=0.9428

Final evaluation on test split:
{'f1': 0.8791773778920308, 'precision': 0.8465346534653465, 'recall': 0.9144385026737968, 'auroc': 0.8533795038134478, 'auprc': 0.9494971870558141, 'loss': 0.44299633521211124}
