Train rows: 1469 | children: 97
Val rows:   412 | children: 21
Test rows:  496 | children: 21
Epoch 01 | train_loss=0.4904 | val_loss=0.4047 | f1=0.8842 | prec=0.8424 | rec=0.9304 | auroc=0.8340 | auprc=0.9351
Saved best model to whisper_small_best_model.pt
Epoch 02 | train_loss=0.4002 | val_loss=0.4417 | f1=0.8908 | prec=0.8248 | rec=0.9684 | auroc=0.8409 | auprc=0.9383
Saved best model to whisper_small_best_model.pt
Epoch 03 | train_loss=0.4053 | val_loss=0.3972 | f1=0.8929 | prec=0.8530 | rec=0.9367 | auroc=0.8529 | auprc=0.9416
Saved best model to whisper_small_best_model.pt
Epoch 04 | train_loss=0.3771 | val_loss=0.3995 | f1=0.8916 | prec=0.8727 | rec=0.9114 | auroc=0.8530 | auprc=0.9422
Epoch 05 | train_loss=0.3641 | val_loss=0.4215 | f1=0.8866 | prec=0.8292 | rec=0.9525 | auroc=0.8539 | auprc=0.9432
Epoch 06 | train_loss=0.3499 | val_loss=0.4281 | f1=0.8770 | prec=0.8974 | rec=0.8576 | auroc=0.8578 | auprc=0.9435
Epoch 07 | train_loss=0.3465 | val_loss=0.4162 | f1=0.8916 | prec=0.8614 | rec=0.9241 | auroc=0.8524 | auprc=0.9411
Epoch 08 | train_loss=0.3343 | val_loss=0.4253 | f1=0.8822 | prec=0.8439 | rec=0.9241 | auroc=0.8519 | auprc=0.9406
Epoch 09 | train_loss=0.3322 | val_loss=0.4068 | f1=0.8951 | prec=0.8854 | rec=0.9051 | auroc=0.8610 | auprc=0.9439
Saved best model to whisper_small_best_model.pt
Epoch 10 | train_loss=0.3272 | val_loss=0.4076 | f1=0.8981 | prec=0.9038 | rec=0.8924 | auroc=0.8654 | auprc=0.9451
Saved best model to whisper_small_best_model.pt

Final evaluation on test split:
{'f1': 0.8761904761904762, 'precision': 0.8919667590027701, 'recall': 0.8609625668449198, 'auroc': 0.8621022179363549, 'auprc': 0.9519548642142198, 'loss': 0.42390394614889254}
