Train rows: 1469 | children: 97
Val rows:   412 | children: 21
Test rows:  496 | children: 21
Epoch 01 | train_loss=0.4750 | val_loss=0.4070 | f1=0.8865 | prec=0.8601 | rec=0.9146 | auroc=0.8336 | auprc=0.9350
Saved best model to whisper_small_best_model.pt
Epoch 02 | train_loss=0.4054 | val_loss=0.4102 | f1=0.8913 | prec=0.8635 | rec=0.9209 | auroc=0.8455 | auprc=0.9397
Saved best model to whisper_small_best_model.pt
Epoch 03 | train_loss=0.3825 | val_loss=0.4529 | f1=0.8915 | prec=0.8213 | rec=0.9747 | auroc=0.8536 | auprc=0.9424
Saved best model to whisper_small_best_model.pt
Epoch 04 | train_loss=0.3896 | val_loss=0.4041 | f1=0.8882 | prec=0.8605 | rec=0.9177 | auroc=0.8520 | auprc=0.9426
Epoch 05 | train_loss=0.3618 | val_loss=0.4068 | f1=0.8916 | prec=0.8727 | rec=0.9114 | auroc=0.8544 | auprc=0.9434
Saved best model to whisper_small_best_model.pt
Epoch 06 | train_loss=0.3543 | val_loss=0.4439 | f1=0.9025 | prec=0.8575 | rec=0.9525 | auroc=0.8606 | auprc=0.9448
Saved best model to whisper_small_best_model.pt
Epoch 07 | train_loss=0.3415 | val_loss=0.4251 | f1=0.8868 | prec=0.8693 | rec=0.9051 | auroc=0.8517 | auprc=0.9418
Epoch 08 | train_loss=0.3411 | val_loss=0.4320 | f1=0.8956 | prec=0.8580 | rec=0.9367 | auroc=0.8596 | auprc=0.9441
Epoch 09 | train_loss=0.3374 | val_loss=0.4352 | f1=0.8947 | prec=0.8758 | rec=0.9146 | auroc=0.8557 | auprc=0.9426
Epoch 10 | train_loss=0.3208 | val_loss=0.4521 | f1=0.8814 | prec=0.8929 | rec=0.8703 | auroc=0.8615 | auprc=0.9444

Final evaluation on test split:
{'f1': 0.8673050615595075, 'precision': 0.8879551820728291, 'recall': 0.8475935828877005, 'auroc': 0.859406504777768, 'auprc': 0.9514559721538283, 'loss': 0.46001299840938903}
