Train rows: 1469 | children: 97
Val rows:   412 | children: 21
Test rows:  496 | children: 21
Epoch 01 | train_loss=0.4825 | val_loss=0.4292 | f1=0.8687 | prec=0.8904 | rec=0.8481 | auroc=0.8345 | auprc=0.9371
Saved best model to whisper_small_best_model.pt
Epoch 02 | train_loss=0.4109 | val_loss=0.4083 | f1=0.8732 | prec=0.8860 | rec=0.8608 | auroc=0.8471 | auprc=0.9410
Saved best model to whisper_small_best_model.pt
Epoch 03 | train_loss=0.3928 | val_loss=0.4345 | f1=0.8740 | prec=0.9051 | rec=0.8449 | auroc=0.8542 | auprc=0.9429
Saved best model to whisper_small_best_model.pt
Epoch 04 | train_loss=0.3693 | val_loss=0.4101 | f1=0.8825 | prec=0.8854 | rec=0.8797 | auroc=0.8545 | auprc=0.9429
Saved best model to whisper_small_best_model.pt
Epoch 05 | train_loss=0.3735 | val_loss=0.4184 | f1=0.8906 | prec=0.8567 | rec=0.9272 | auroc=0.8535 | auprc=0.9433
Saved best model to whisper_small_best_model.pt
Epoch 06 | train_loss=0.3541 | val_loss=0.4189 | f1=0.8994 | prec=0.8676 | rec=0.9335 | auroc=0.8596 | auprc=0.9441
Saved best model to whisper_small_best_model.pt
Epoch 07 | train_loss=0.3679 | val_loss=0.3916 | f1=0.8892 | prec=0.8653 | rec=0.9146 | auroc=0.8673 | auprc=0.9468
Epoch 08 | train_loss=0.3435 | val_loss=0.4294 | f1=0.8752 | prec=0.8970 | rec=0.8544 | auroc=0.8586 | auprc=0.9447
Epoch 09 | train_loss=0.3270 | val_loss=0.4274 | f1=0.8855 | prec=0.8555 | rec=0.9177 | auroc=0.8547 | auprc=0.9423
Epoch 10 | train_loss=0.3224 | val_loss=0.4041 | f1=0.8862 | prec=0.8623 | rec=0.9114 | auroc=0.8651 | auprc=0.9467

Final evaluation on test split:
{'f1': 0.8798955613577023, 'precision': 0.8596938775510204, 'recall': 0.9010695187165776, 'auroc': 0.8580038572806171, 'auprc': 0.9523163120388324, 'loss': 0.43154376214970985}
