Train rows: 1469 | children: 97
Val rows:   412 | children: 21
Test rows:  496 | children: 21
Epoch 01 | train_loss=0.4782 | val_loss=0.4544 | f1=0.8797 | prec=0.8037 | rec=0.9715 | auroc=0.8267 | auprc=0.9340
Saved best model to whisper_small_best_model.pt
Epoch 02 | train_loss=0.4040 | val_loss=0.4185 | f1=0.8839 | prec=0.8444 | rec=0.9272 | auroc=0.8398 | auprc=0.9384
Saved best model to whisper_small_best_model.pt
Epoch 03 | train_loss=0.3951 | val_loss=0.4365 | f1=0.8715 | prec=0.8963 | rec=0.8481 | auroc=0.8437 | auprc=0.9394
Epoch 04 | train_loss=0.3918 | val_loss=0.4220 | f1=0.8780 | prec=0.8794 | rec=0.8766 | auroc=0.8474 | auprc=0.9411
Epoch 05 | train_loss=0.3722 | val_loss=0.4383 | f1=0.8869 | prec=0.8274 | rec=0.9557 | auroc=0.8516 | auprc=0.9417
Saved best model to whisper_small_best_model.pt
Epoch 06 | train_loss=0.3515 | val_loss=0.4091 | f1=0.8885 | prec=0.8697 | rec=0.9082 | auroc=0.8554 | auprc=0.9433
Saved best model to whisper_small_best_model.pt
Epoch 07 | train_loss=0.3567 | val_loss=0.4628 | f1=0.8856 | prec=0.8251 | rec=0.9557 | auroc=0.8579 | auprc=0.9427
Epoch 08 | train_loss=0.3379 | val_loss=0.4228 | f1=0.8778 | prec=0.8922 | rec=0.8639 | auroc=0.8592 | auprc=0.9446
Epoch 09 | train_loss=0.3292 | val_loss=0.4368 | f1=0.8973 | prec=0.8584 | rec=0.9399 | auroc=0.8573 | auprc=0.9433
Saved best model to whisper_small_best_model.pt
Epoch 10 | train_loss=0.3346 | val_loss=0.4381 | f1=0.8775 | prec=0.9201 | rec=0.8386 | auroc=0.8637 | auprc=0.9450

Final evaluation on test split:
{'f1': 0.8635724331926863, 'precision': 0.9109792284866469, 'recall': 0.820855614973262, 'auroc': 0.8618173051634961, 'auprc': 0.9529520456938861, 'loss': 0.4525814482852096}
