Train rows: 1469 | children: 97
Val rows:   412 | children: 21
Test rows:  496 | children: 21
Epoch 01 | train_loss=0.4814 | val_loss=0.4116 | f1=0.8896 | prec=0.8868 | rec=0.8924 | auroc=0.8379 | auprc=0.9372
Saved best model to whisper_small_best_model.pt
Epoch 02 | train_loss=0.4157 | val_loss=0.4164 | f1=0.8859 | prec=0.8329 | rec=0.9462 | auroc=0.8453 | auprc=0.9389
Epoch 03 | train_loss=0.3855 | val_loss=0.3961 | f1=0.8909 | prec=0.8657 | rec=0.9177 | auroc=0.8524 | auprc=0.9412
Saved best model to whisper_small_best_model.pt
Epoch 04 | train_loss=0.3851 | val_loss=0.4157 | f1=0.8817 | prec=0.9037 | rec=0.8608 | auroc=0.8581 | auprc=0.9438
Epoch 05 | train_loss=0.3604 | val_loss=0.4281 | f1=0.8846 | prec=0.9097 | rec=0.8608 | auroc=0.8553 | auprc=0.9425
Epoch 06 | train_loss=0.3583 | val_loss=0.4368 | f1=0.8731 | prec=0.9107 | rec=0.8386 | auroc=0.8611 | auprc=0.9458
Epoch 07 | train_loss=0.3430 | val_loss=0.4319 | f1=0.8920 | prec=0.8705 | rec=0.9146 | auroc=0.8599 | auprc=0.9448
Saved best model to whisper_small_best_model.pt
Epoch 08 | train_loss=0.3413 | val_loss=0.4095 | f1=0.8937 | prec=0.8709 | rec=0.9177 | auroc=0.8656 | auprc=0.9462
Saved best model to whisper_small_best_model.pt
Epoch 09 | train_loss=0.3367 | val_loss=0.4328 | f1=0.8945 | prec=0.8431 | rec=0.9525 | auroc=0.8641 | auprc=0.9458
Saved best model to whisper_small_best_model.pt
Epoch 10 | train_loss=0.3241 | val_loss=0.5006 | f1=0.8547 | prec=0.9294 | rec=0.7911 | auroc=0.8630 | auprc=0.9455

Final evaluation on test split:
{'f1': 0.8372093023255814, 'precision': 0.9171974522292994, 'recall': 0.7700534759358288, 'auroc': 0.8555492241606033, 'auprc': 0.9499487713003069, 'loss': 0.5208366037977319}
