Train rows: 1469 | children: 97
Val rows:   412 | children: 21
Test rows:  496 | children: 21
Epoch 01 | train_loss=0.4804 | val_loss=0.4056 | f1=0.8843 | prec=0.8324 | rec=0.9430 | auroc=0.8360 | auprc=0.9365
Saved best model to whisper_small_best_model.pt
Epoch 02 | train_loss=0.4099 | val_loss=0.4012 | f1=0.8871 | prec=0.8914 | rec=0.8829 | auroc=0.8519 | auprc=0.9422
Saved best model to whisper_small_best_model.pt
Epoch 03 | train_loss=0.3894 | val_loss=0.4745 | f1=0.8902 | prec=0.8191 | rec=0.9747 | auroc=0.8547 | auprc=0.9430
Saved best model to whisper_small_best_model.pt
Epoch 04 | train_loss=0.3785 | val_loss=0.4066 | f1=0.8943 | prec=0.8665 | rec=0.9241 | auroc=0.8589 | auprc=0.9445
Saved best model to whisper_small_best_model.pt
Epoch 05 | train_loss=0.3743 | val_loss=0.4301 | f1=0.8744 | prec=0.9024 | rec=0.8481 | auroc=0.8527 | auprc=0.9416
Epoch 06 | train_loss=0.3542 | val_loss=0.4700 | f1=0.8827 | prec=0.8224 | rec=0.9525 | auroc=0.8553 | auprc=0.9422
Epoch 07 | train_loss=0.3484 | val_loss=0.4136 | f1=0.8977 | prec=0.8673 | rec=0.9304 | auroc=0.8620 | auprc=0.9441
Saved best model to whisper_small_best_model.pt
Epoch 08 | train_loss=0.3471 | val_loss=0.3928 | f1=0.8940 | prec=0.8687 | rec=0.9209 | auroc=0.8607 | auprc=0.9436
Epoch 09 | train_loss=0.3363 | val_loss=0.4122 | f1=0.8742 | prec=0.8914 | rec=0.8576 | auroc=0.8631 | auprc=0.9447
Epoch 10 | train_loss=0.3337 | val_loss=0.4030 | f1=0.8945 | prec=0.8903 | rec=0.8987 | auroc=0.8638 | auprc=0.9440

Final evaluation on test split:
{'f1': 0.8755020080321285, 'precision': 0.8766756032171582, 'recall': 0.8743315508021391, 'auroc': 0.8561628824406067, 'auprc': 0.9509429852563189, 'loss': 0.4252987183149784}
