Train rows: 1469 | children: 97
Val rows:   412 | children: 21
Test rows:  496 | children: 21
Epoch 01 | train_loss=0.4792 | val_loss=0.4324 | f1=0.8902 | prec=0.8191 | rec=0.9747 | auroc=0.8332 | auprc=0.9349
Saved best model to whisper_small_best_model.pt
Epoch 02 | train_loss=0.4266 | val_loss=0.4155 | f1=0.8842 | prec=0.8424 | rec=0.9304 | auroc=0.8419 | auprc=0.9383
Epoch 03 | train_loss=0.3894 | val_loss=0.4399 | f1=0.8830 | prec=0.8207 | rec=0.9557 | auroc=0.8432 | auprc=0.9394
Epoch 04 | train_loss=0.3707 | val_loss=0.4426 | f1=0.8756 | prec=0.8944 | rec=0.8576 | auroc=0.8510 | auprc=0.9420
Epoch 05 | train_loss=0.3773 | val_loss=0.4070 | f1=0.8906 | prec=0.8679 | rec=0.9146 | auroc=0.8585 | auprc=0.9437
Saved best model to whisper_small_best_model.pt
Epoch 06 | train_loss=0.3557 | val_loss=0.4079 | f1=0.8920 | prec=0.8705 | rec=0.9146 | auroc=0.8582 | auprc=0.9439
Saved best model to whisper_small_best_model.pt
Epoch 07 | train_loss=0.3557 | val_loss=0.4014 | f1=0.8925 | prec=0.9055 | rec=0.8797 | auroc=0.8641 | auprc=0.9464
Saved best model to whisper_small_best_model.pt
Epoch 08 | train_loss=0.3664 | val_loss=0.3902 | f1=0.8975 | prec=0.8811 | rec=0.9146 | auroc=0.8620 | auprc=0.9451
Saved best model to whisper_small_best_model.pt
Epoch 09 | train_loss=0.3236 | val_loss=0.4270 | f1=0.8857 | prec=0.9016 | rec=0.8703 | auroc=0.8607 | auprc=0.9436
Epoch 10 | train_loss=0.3249 | val_loss=0.4309 | f1=0.8940 | prec=0.8687 | rec=0.9209 | auroc=0.8640 | auprc=0.9447

Final evaluation on test split:
{'f1': 0.8784313725490195, 'precision': 0.8593350383631714, 'recall': 0.8983957219251337, 'auroc': 0.8569189971070394, 'auprc': 0.9502074188024663, 'loss': 0.45866545239433404}
