Train rows: 1469 | children: 97
Val rows:   412 | children: 21
Test rows:  496 | children: 21
Epoch 01 | train_loss=0.4912 | val_loss=0.4828 | f1=0.8671 | prec=0.7769 | rec=0.9810 | auroc=0.8164 | auprc=0.9304
Saved best model to whisper_small_best_model.pt
Epoch 02 | train_loss=0.4088 | val_loss=0.4406 | f1=0.8847 | prec=0.8122 | rec=0.9715 | auroc=0.8475 | auprc=0.9406
Saved best model to whisper_small_best_model.pt
Epoch 03 | train_loss=0.3933 | val_loss=0.4495 | f1=0.8596 | prec=0.9236 | rec=0.8038 | auroc=0.8498 | auprc=0.9415
Epoch 04 | train_loss=0.3778 | val_loss=0.4041 | f1=0.8929 | prec=0.8530 | rec=0.9367 | auroc=0.8525 | auprc=0.9423
Saved best model to whisper_small_best_model.pt
Epoch 05 | train_loss=0.3608 | val_loss=0.4169 | f1=0.8931 | prec=0.8875 | rec=0.8987 | auroc=0.8563 | auprc=0.9435
Saved best model to whisper_small_best_model.pt
Epoch 06 | train_loss=0.3604 | val_loss=0.4675 | f1=0.8840 | prec=0.8247 | rec=0.9525 | auroc=0.8399 | auprc=0.9370
Epoch 07 | train_loss=0.3532 | val_loss=0.4054 | f1=0.8875 | prec=0.8765 | rec=0.8987 | auroc=0.8615 | auprc=0.9449
Epoch 08 | train_loss=0.3434 | val_loss=0.4161 | f1=0.8917 | prec=0.8847 | rec=0.8987 | auroc=0.8625 | auprc=0.9447
Epoch 09 | train_loss=0.3352 | val_loss=0.4300 | f1=0.8744 | prec=0.9024 | rec=0.8481 | auroc=0.8612 | auprc=0.9438
Epoch 10 | train_loss=0.3328 | val_loss=0.4139 | f1=0.8933 | prec=0.8618 | rec=0.9272 | auroc=0.8599 | auprc=0.9432
Saved best model to whisper_small_best_model.pt

Final evaluation on test split:
{'f1': 0.8817480719794344, 'precision': 0.849009900990099, 'recall': 0.9171122994652406, 'auroc': 0.8534233365477337, 'auprc': 0.9504747977478611, 'loss': 0.4373270669246032}
