Train rows: 1469 | children: 97
Val rows:   412 | children: 21
Test rows:  496 | children: 21
Epoch 01 | train_loss=0.4762 | val_loss=0.4424 | f1=0.8662 | prec=0.7942 | rec=0.9525 | auroc=0.8134 | auprc=0.9307
Saved best model to whisper_small_best_model.pt
Epoch 02 | train_loss=0.4113 | val_loss=0.4973 | f1=0.8879 | prec=0.8046 | rec=0.9905 | auroc=0.8382 | auprc=0.9361
Saved best model to whisper_small_best_model.pt
Epoch 03 | train_loss=0.4062 | val_loss=0.4057 | f1=0.8896 | prec=0.8418 | rec=0.9430 | auroc=0.8546 | auprc=0.9428
Saved best model to whisper_small_best_model.pt
Epoch 04 | train_loss=0.3913 | val_loss=0.3971 | f1=0.8833 | prec=0.8805 | rec=0.8861 | auroc=0.8574 | auprc=0.9439
Epoch 05 | train_loss=0.3553 | val_loss=0.4001 | f1=0.8903 | prec=0.8820 | rec=0.8987 | auroc=0.8592 | auprc=0.9431
Saved best model to whisper_small_best_model.pt
Epoch 06 | train_loss=0.3471 | val_loss=0.4309 | f1=0.8791 | prec=0.9088 | rec=0.8513 | auroc=0.8616 | auprc=0.9448
Epoch 07 | train_loss=0.3587 | val_loss=0.4155 | f1=0.8943 | prec=0.8555 | rec=0.9367 | auroc=0.8533 | auprc=0.9403
Saved best model to whisper_small_best_model.pt
Epoch 08 | train_loss=0.3308 | val_loss=0.4166 | f1=0.8953 | prec=0.8601 | rec=0.9335 | auroc=0.8577 | auprc=0.9421
Saved best model to whisper_small_best_model.pt
Epoch 09 | train_loss=0.3294 | val_loss=0.4324 | f1=0.8882 | prec=0.8605 | rec=0.9177 | auroc=0.8576 | auprc=0.9423
Epoch 10 | train_loss=0.3278 | val_loss=0.4550 | f1=0.8958 | prec=0.8455 | rec=0.9525 | auroc=0.8607 | auprc=0.9426
Saved best model to whisper_small_best_model.pt

Final evaluation on test split:
{'f1': 0.8781094527363184, 'precision': 0.8209302325581396, 'recall': 0.9438502673796791, 'auroc': 0.8562286315420354, 'auprc': 0.9496901809945915, 'loss': 0.4789800472339735}
