Train rows: 1469 | children: 97
Val rows:   412 | children: 21
Test rows:  496 | children: 21

================================================================================
Running experiment: whisper_mean
================================================================================
[whisper_mean] Epoch 01 | train_loss=0.4785 | val_loss=0.4125 | f1@0.5=0.8832 | prec=0.8381 | rec=0.9335 | auroc=0.8298 | auprc=0.9328
[whisper_mean] Saved best checkpoint to ./baseline_results/whisper_mean/best_model.pt
[whisper_mean] Epoch 02 | train_loss=0.4111 | val_loss=0.3993 | f1@0.5=0.8909 | prec=0.8547 | rec=0.9304 | auroc=0.8489 | auprc=0.9395
[whisper_mean] Saved best checkpoint to ./baseline_results/whisper_mean/best_model.pt
[whisper_mean] Epoch 03 | train_loss=0.3955 | val_loss=0.4374 | f1@0.5=0.8840 | prec=0.8247 | rec=0.9525 | auroc=0.8528 | auprc=0.9407
[whisper_mean] Epoch 04 | train_loss=0.3963 | val_loss=0.4049 | f1@0.5=0.8824 | prec=0.8984 | rec=0.8671 | auroc=0.8588 | auprc=0.9428
[whisper_mean] Epoch 05 | train_loss=0.3678 | val_loss=0.4099 | f1@0.5=0.8773 | prec=0.9085 | rec=0.8481 | auroc=0.8592 | auprc=0.9434
[whisper_mean] Epoch 06 | train_loss=0.3533 | val_loss=0.4012 | f1@0.5=0.8971 | prec=0.8716 | rec=0.9241 | auroc=0.8608 | auprc=0.9418
[whisper_mean] Saved best checkpoint to ./baseline_results/whisper_mean/best_model.pt
[whisper_mean] Epoch 07 | train_loss=0.3433 | val_loss=0.4282 | f1@0.5=0.8865 | prec=0.8493 | rec=0.9272 | auroc=0.8514 | auprc=0.9390
[whisper_mean] Epoch 08 | train_loss=0.3347 | val_loss=0.4310 | f1@0.5=0.8836 | prec=0.8907 | rec=0.8766 | auroc=0.8612 | auprc=0.9423
[whisper_mean] Epoch 09 | train_loss=0.3429 | val_loss=0.4344 | f1@0.5=0.8858 | prec=0.8534 | rec=0.9209 | auroc=0.8491 | auprc=0.9380
[whisper_mean] Epoch 10 | train_loss=0.3344 | val_loss=0.4180 | f1@0.5=0.8783 | prec=0.9144 | rec=0.8449 | auroc=0.8682 | auprc=0.9444

[whisper_mean] Tuned threshold on val: 0.400
[whisper_mean] Final test metrics: {'f1': 0.8734177215189873, 'precision': 0.8293269230769231, 'recall': 0.9224598930481284, 'auroc': 0.8513412816691505, 'auprc': 0.9486800865398093, 'loss': 0.42591072621965603, 'threshold': 0.3999999999999999}

================================================================================
Running experiment: whisper_attn
================================================================================
[whisper_attn] Epoch 01 | train_loss=0.4841 | val_loss=0.4323 | f1@0.5=0.8889 | prec=0.8261 | rec=0.9620 | auroc=0.8301 | auprc=0.9314
[whisper_attn] Saved best checkpoint to ./baseline_results/whisper_attn/best_model.pt
[whisper_attn] Epoch 02 | train_loss=0.4058 | val_loss=0.3936 | f1@0.5=0.8885 | prec=0.8697 | rec=0.9082 | auroc=0.8534 | auprc=0.9409
[whisper_attn] Epoch 03 | train_loss=0.3741 | val_loss=0.4326 | f1@0.5=0.8831 | prec=0.9067 | rec=0.8608 | auroc=0.8543 | auprc=0.9418
[whisper_attn] Epoch 04 | train_loss=0.3842 | val_loss=0.4388 | f1@0.5=0.8754 | prec=0.9082 | rec=0.8449 | auroc=0.8517 | auprc=0.9412
[whisper_attn] Epoch 05 | train_loss=0.3665 | val_loss=0.4604 | f1@0.5=0.8895 | prec=0.8320 | rec=0.9557 | auroc=0.8586 | auprc=0.9407
[whisper_attn] Saved best checkpoint to ./baseline_results/whisper_attn/best_model.pt
[whisper_attn] Epoch 06 | train_loss=0.3469 | val_loss=0.4249 | f1@0.5=0.8861 | prec=0.8861 | rec=0.8861 | auroc=0.8552 | auprc=0.9398
[whisper_attn] Epoch 07 | train_loss=0.3408 | val_loss=0.4275 | f1@0.5=0.8924 | prec=0.8800 | rec=0.9051 | auroc=0.8582 | auprc=0.9397
[whisper_attn] Saved best checkpoint to ./baseline_results/whisper_attn/best_model.pt
[whisper_attn] Epoch 08 | train_loss=0.3261 | val_loss=0.4836 | f1@0.5=0.8709 | prec=0.9132 | rec=0.8323 | auroc=0.8587 | auprc=0.9395
[whisper_attn] Epoch 09 | train_loss=0.3185 | val_loss=0.4450 | f1@0.5=0.8783 | prec=0.9144 | rec=0.8449 | auroc=0.8626 | auprc=0.9416
[whisper_attn] Epoch 10 | train_loss=0.3226 | val_loss=0.4527 | f1@0.5=0.8924 | prec=0.8924 | rec=0.8924 | auroc=0.8604 | auprc=0.9405
[whisper_attn] Saved best checkpoint to ./baseline_results/whisper_attn/best_model.pt

[whisper_attn] Tuned threshold on val: 0.285
[whisper_attn] Final test metrics: {'f1': 0.8785529715762274, 'precision': 0.85, 'recall': 0.9090909090909091, 'auroc': 0.8573025335320417, 'auprc': 0.9513783904940576, 'loss': 0.4756905977462133, 'threshold': 0.285}

================================================================================
Running experiment: wavlm_mean
================================================================================
